<?xml version="1.0" encoding="UTF-8"?>
<coverage generated="1769397496671" clover="3.2.0">
  <project timestamp="1769397496671" name="All files">
    <metrics statements="264" coveredstatements="205" conditionals="150" coveredconditionals="119" methods="47" coveredmethods="41" elements="461" coveredelements="365" complexity="0" loc="264" ncloc="264" packages="1" files="1" classes="1"/>
    <file name="server.js" path="/Users/pratikshah/mock-server/server.js">
      <metrics statements="264" coveredstatements="205" conditionals="150" coveredconditionals="119" methods="47" coveredmethods="41"/>
      <line num="1" count="3" type="stmt"/>
      <line num="2" count="3" type="stmt"/>
      <line num="3" count="3" type="stmt"/>
      <line num="4" count="3" type="stmt"/>
      <line num="6" count="3" type="stmt"/>
      <line num="7" count="3" type="stmt"/>
      <line num="10" count="3" type="stmt"/>
      <line num="11" count="3" type="stmt"/>
      <line num="12" count="3" type="stmt"/>
      <line num="15" count="3" type="stmt"/>
      <line num="16" count="52" type="stmt"/>
      <line num="17" count="52" type="stmt"/>
      <line num="18" count="52" type="stmt"/>
      <line num="19" count="52" type="stmt"/>
      <line num="22" count="3" type="stmt"/>
      <line num="25" count="3" type="stmt"/>
      <line num="26" count="3" type="cond" truecount="1" falsecount="1"/>
      <line num="27" count="0" type="stmt"/>
      <line num="29" count="3" type="stmt"/>
      <line num="30" count="3" type="stmt"/>
      <line num="37" count="3" type="stmt"/>
      <line num="46" count="3" type="cond" truecount="1" falsecount="1"/>
      <line num="47" count="3" type="stmt"/>
      <line num="51" count="3" type="stmt"/>
      <line num="60" count="3" type="cond" truecount="1" falsecount="1"/>
      <line num="61" count="3" type="stmt"/>
      <line num="65" count="3" type="stmt"/>
      <line num="77" count="3" type="cond" truecount="1" falsecount="1"/>
      <line num="78" count="3" type="stmt"/>
      <line num="81" count="3" type="stmt"/>
      <line num="87" count="3" type="stmt"/>
      <line num="88" count="3" type="cond" truecount="1" falsecount="1"/>
      <line num="89" count="0" type="stmt"/>
      <line num="90" count="0" type="stmt"/>
      <line num="93" count="3" type="cond" truecount="1" falsecount="1"/>
      <line num="94" count="0" type="stmt"/>
      <line num="97" count="0" type="stmt"/>
      <line num="103" count="0" type="stmt"/>
      <line num="104" count="0" type="stmt"/>
      <line num="105" count="0" type="stmt"/>
      <line num="108" count="0" type="stmt"/>
      <line num="114" count="0" type="stmt"/>
      <line num="115" count="0" type="stmt"/>
      <line num="116" count="0" type="stmt"/>
      <line num="119" count="0" type="stmt"/>
      <line num="125" count="0" type="stmt"/>
      <line num="126" count="0" type="stmt"/>
      <line num="127" count="0" type="stmt"/>
      <line num="129" count="0" type="stmt"/>
      <line num="137" count="3" type="stmt"/>
      <line num="138" count="3" type="stmt"/>
      <line num="139" count="3" type="stmt"/>
      <line num="140" count="3" type="stmt"/>
      <line num="143" count="8" type="stmt"/>
      <line num="144" count="8" type="cond" truecount="4" falsecount="1"/>
      <line num="145" count="0" type="stmt"/>
      <line num="147" count="8" type="cond" truecount="4" falsecount="0"/>
      <line num="148" count="2" type="stmt"/>
      <line num="150" count="8" type="cond" truecount="6" falsecount="0"/>
      <line num="151" count="2" type="stmt"/>
      <line num="153" count="8" type="cond" truecount="4" falsecount="0"/>
      <line num="154" count="2" type="stmt"/>
      <line num="156" count="8" type="stmt"/>
      <line num="160" count="9" type="stmt"/>
      <line num="161" count="9" type="cond" truecount="4" falsecount="1"/>
      <line num="162" count="0" type="stmt"/>
      <line num="164" count="9" type="cond" truecount="3" falsecount="1"/>
      <line num="165" count="0" type="stmt"/>
      <line num="167" count="9" type="cond" truecount="6" falsecount="0"/>
      <line num="168" count="2" type="stmt"/>
      <line num="170" count="9" type="cond" truecount="4" falsecount="0"/>
      <line num="171" count="2" type="stmt"/>
      <line num="173" count="9" type="stmt"/>
      <line num="177" count="14" type="stmt"/>
      <line num="178" count="14" type="cond" truecount="4" falsecount="1"/>
      <line num="179" count="0" type="stmt"/>
      <line num="181" count="14" type="cond" truecount="5" falsecount="0"/>
      <line num="182" count="1" type="stmt"/>
      <line num="184" count="14" type="cond" truecount="6" falsecount="0"/>
      <line num="185" count="2" type="stmt"/>
      <line num="187" count="14" type="cond" truecount="4" falsecount="0"/>
      <line num="188" count="3" type="stmt"/>
      <line num="190" count="14" type="cond" truecount="4" falsecount="0"/>
      <line num="191" count="1" type="stmt"/>
      <line num="193" count="14" type="stmt"/>
      <line num="199" count="3" type="stmt"/>
      <line num="200" count="2" type="stmt"/>
      <line num="201" count="2" type="cond" truecount="1" falsecount="1"/>
      <line num="202" count="0" type="stmt"/>
      <line num="203" count="0" type="stmt"/>
      <line num="205" count="2" type="stmt"/>
      <line num="210" count="3" type="stmt"/>
      <line num="211" count="3" type="stmt"/>
      <line num="212" count="3" type="cond" truecount="1" falsecount="1"/>
      <line num="213" count="0" type="stmt"/>
      <line num="214" count="0" type="stmt"/>
      <line num="216" count="3" type="cond" truecount="2" falsecount="0"/>
      <line num="217" count="2" type="stmt"/>
      <line num="219" count="1" type="stmt"/>
      <line num="224" count="3" type="stmt"/>
      <line num="225" count="5" type="stmt"/>
      <line num="226" count="5" type="stmt"/>
      <line num="228" count="5" type="stmt"/>
      <line num="231" count="5" type="stmt"/>
      <line num="232" count="5" type="cond" truecount="2" falsecount="0"/>
      <line num="233" count="3" type="stmt"/>
      <line num="234" count="3" type="stmt"/>
      <line num="240" count="2" type="stmt"/>
      <line num="244" count="2" type="cond" truecount="1" falsecount="1"/>
      <line num="245" count="0" type="stmt"/>
      <line num="246" count="0" type="stmt"/>
      <line num="249" count="2" type="stmt"/>
      <line num="250" count="2" type="stmt"/>
      <line num="251" count="2" type="stmt"/>
      <line num="257" count="3" type="stmt"/>
      <line num="258" count="3" type="stmt"/>
      <line num="259" count="3" type="stmt"/>
      <line num="261" count="3" type="stmt"/>
      <line num="262" count="3" type="stmt"/>
      <line num="265" count="3" type="stmt"/>
      <line num="266" count="3" type="cond" truecount="2" falsecount="0"/>
      <line num="267" count="1" type="stmt"/>
      <line num="273" count="2" type="stmt"/>
      <line num="277" count="2" type="cond" truecount="1" falsecount="1"/>
      <line num="278" count="0" type="stmt"/>
      <line num="279" count="0" type="stmt"/>
      <line num="282" count="2" type="cond" truecount="2" falsecount="0"/>
      <line num="283" count="1" type="stmt"/>
      <line num="286" count="1" type="stmt"/>
      <line num="287" count="1" type="stmt"/>
      <line num="288" count="1" type="stmt"/>
      <line num="294" count="3" type="stmt"/>
      <line num="295" count="2" type="stmt"/>
      <line num="296" count="2" type="stmt"/>
      <line num="298" count="2" type="stmt"/>
      <line num="299" count="2" type="cond" truecount="1" falsecount="1"/>
      <line num="300" count="0" type="stmt"/>
      <line num="301" count="0" type="stmt"/>
      <line num="304" count="2" type="cond" truecount="2" falsecount="0"/>
      <line num="305" count="1" type="stmt"/>
      <line num="308" count="1" type="stmt"/>
      <line num="309" count="1" type="stmt"/>
      <line num="316" count="3" type="stmt"/>
      <line num="317" count="2" type="stmt"/>
      <line num="318" count="2" type="cond" truecount="1" falsecount="1"/>
      <line num="319" count="0" type="stmt"/>
      <line num="321" count="2" type="stmt"/>
      <line num="326" count="3" type="stmt"/>
      <line num="327" count="3" type="stmt"/>
      <line num="328" count="3" type="cond" truecount="1" falsecount="1"/>
      <line num="329" count="0" type="stmt"/>
      <line num="331" count="3" type="cond" truecount="2" falsecount="0"/>
      <line num="332" count="2" type="stmt"/>
      <line num="334" count="1" type="stmt"/>
      <line num="339" count="3" type="stmt"/>
      <line num="340" count="6" type="stmt"/>
      <line num="341" count="6" type="stmt"/>
      <line num="343" count="6" type="stmt"/>
      <line num="344" count="6" type="cond" truecount="3" falsecount="1"/>
      <line num="347" count="6" type="stmt"/>
      <line num="348" count="6" type="cond" truecount="2" falsecount="0"/>
      <line num="349" count="3" type="stmt"/>
      <line num="355" count="3" type="stmt"/>
      <line num="359" count="3" type="cond" truecount="1" falsecount="1"/>
      <line num="360" count="0" type="stmt"/>
      <line num="361" count="0" type="stmt"/>
      <line num="364" count="3" type="stmt"/>
      <line num="365" count="3" type="stmt"/>
      <line num="366" count="3" type="stmt"/>
      <line num="372" count="3" type="stmt"/>
      <line num="373" count="3" type="stmt"/>
      <line num="374" count="3" type="stmt"/>
      <line num="376" count="3" type="stmt"/>
      <line num="377" count="3" type="stmt"/>
      <line num="378" count="3" type="cond" truecount="3" falsecount="1"/>
      <line num="381" count="3" type="stmt"/>
      <line num="382" count="3" type="cond" truecount="1" falsecount="1"/>
      <line num="383" count="0" type="stmt"/>
      <line num="389" count="3" type="stmt"/>
      <line num="393" count="3" type="cond" truecount="1" falsecount="1"/>
      <line num="394" count="0" type="stmt"/>
      <line num="397" count="3" type="cond" truecount="2" falsecount="0"/>
      <line num="398" count="1" type="stmt"/>
      <line num="401" count="2" type="stmt"/>
      <line num="402" count="2" type="stmt"/>
      <line num="403" count="2" type="stmt"/>
      <line num="409" count="3" type="stmt"/>
      <line num="410" count="2" type="stmt"/>
      <line num="412" count="2" type="stmt"/>
      <line num="413" count="2" type="cond" truecount="1" falsecount="1"/>
      <line num="414" count="0" type="stmt"/>
      <line num="417" count="2" type="cond" truecount="2" falsecount="0"/>
      <line num="418" count="1" type="stmt"/>
      <line num="421" count="1" type="stmt"/>
      <line num="422" count="1" type="stmt"/>
      <line num="429" count="3" type="stmt"/>
      <line num="430" count="2" type="stmt"/>
      <line num="431" count="2" type="cond" truecount="1" falsecount="1"/>
      <line num="432" count="0" type="stmt"/>
      <line num="434" count="2" type="stmt"/>
      <line num="439" count="3" type="stmt"/>
      <line num="440" count="3" type="stmt"/>
      <line num="441" count="3" type="cond" truecount="1" falsecount="1"/>
      <line num="442" count="0" type="stmt"/>
      <line num="444" count="3" type="cond" truecount="2" falsecount="0"/>
      <line num="445" count="2" type="stmt"/>
      <line num="447" count="1" type="stmt"/>
      <line num="452" count="3" type="stmt"/>
      <line num="453" count="7" type="stmt"/>
      <line num="454" count="7" type="stmt"/>
      <line num="456" count="7" type="stmt"/>
      <line num="459" count="7" type="stmt"/>
      <line num="460" count="7" type="cond" truecount="2" falsecount="0"/>
      <line num="461" count="4" type="stmt"/>
      <line num="467" count="3" type="stmt"/>
      <line num="471" count="3" type="cond" truecount="1" falsecount="1"/>
      <line num="472" count="0" type="stmt"/>
      <line num="473" count="0" type="stmt"/>
      <line num="476" count="3" type="stmt"/>
      <line num="477" count="3" type="stmt"/>
      <line num="478" count="3" type="stmt"/>
      <line num="484" count="3" type="stmt"/>
      <line num="485" count="7" type="stmt"/>
      <line num="486" count="7" type="stmt"/>
      <line num="488" count="7" type="stmt"/>
      <line num="489" count="7" type="stmt"/>
      <line num="492" count="7" type="stmt"/>
      <line num="493" count="7" type="cond" truecount="2" falsecount="0"/>
      <line num="494" count="1" type="stmt"/>
      <line num="500" count="6" type="stmt"/>
      <line num="504" count="6" type="cond" truecount="1" falsecount="1"/>
      <line num="505" count="0" type="stmt"/>
      <line num="508" count="6" type="cond" truecount="2" falsecount="0"/>
      <line num="509" count="1" type="stmt"/>
      <line num="512" count="5" type="stmt"/>
      <line num="513" count="5" type="stmt"/>
      <line num="514" count="5" type="stmt"/>
      <line num="520" count="3" type="stmt"/>
      <line num="521" count="2" type="stmt"/>
      <line num="523" count="2" type="stmt"/>
      <line num="524" count="2" type="cond" truecount="1" falsecount="1"/>
      <line num="525" count="0" type="stmt"/>
      <line num="528" count="2" type="cond" truecount="2" falsecount="0"/>
      <line num="529" count="1" type="stmt"/>
      <line num="532" count="1" type="stmt"/>
      <line num="533" count="1" type="stmt"/>
      <line num="538" count="3" type="stmt"/>
      <line num="541" count="3" type="cond" truecount="1" falsecount="1"/>
      <line num="542" count="0" type="stmt"/>
      <line num="543" count="0" type="stmt"/>
      <line num="544" count="0" type="stmt"/>
      <line num="545" count="0" type="stmt"/>
      <line num="546" count="0" type="stmt"/>
      <line num="547" count="0" type="stmt"/>
      <line num="548" count="0" type="stmt"/>
      <line num="549" count="0" type="stmt"/>
      <line num="550" count="0" type="stmt"/>
      <line num="551" count="0" type="stmt"/>
      <line num="556" count="3" type="stmt"/>
      <line num="557" count="0" type="stmt"/>
      <line num="558" count="0" type="cond" truecount="0" falsecount="2"/>
      <line num="559" count="0" type="stmt"/>
      <line num="561" count="0" type="stmt"/>
      <line num="563" count="0" type="stmt"/>
    </file>
  </project>
</coverage>
