{"/Users/pratikshah/mock-server/server.js": {"path":"/Users/pratikshah/mock-server/server.js","statementMap":{"0":{"start":{"line":1,"column":16},"end":{"line":1,"column":34}},"1":{"start":{"line":2,"column":16},"end":{"line":2,"column":44}},"2":{"start":{"line":3,"column":13},"end":{"line":3,"column":28}},"3":{"start":{"line":4,"column":13},"end":{"line":4,"column":28}},"4":{"start":{"line":6,"column":12},"end":{"line":6,"column":21}},"5":{"start":{"line":7,"column":13},"end":{"line":7,"column":17}},"6":{"start":{"line":10,"column":0},"end":{"line":10,"column":16}},"7":{"start":{"line":11,"column":0},"end":{"line":11,"column":24}},"8":{"start":{"line":12,"column":0},"end":{"line":12,"column":48}},"9":{"start":{"line":15,"column":0},"end":{"line":20,"column":3}},"10":{"start":{"line":16,"column":4},"end":{"line":16,"column":47}},"11":{"start":{"line":17,"column":4},"end":{"line":17,"column":41}},"12":{"start":{"line":18,"column":4},"end":{"line":18,"column":35}},"13":{"start":{"line":19,"column":4},"end":{"line":19,"column":11}},"14":{"start":{"line":22,"column":0},"end":{"line":22,"column":34}},"15":{"start":{"line":25,"column":11},"end":{"line":32,"column":2}},"16":{"start":{"line":26,"column":4},"end":{"line":31,"column":5}},"17":{"start":{"line":27,"column":8},"end":{"line":27,"column":62}},"18":{"start":{"line":29,"column":8},"end":{"line":29,"column":54}},"19":{"start":{"line":30,"column":8},"end":{"line":30,"column":29}},"20":{"start":{"line":37,"column":4},"end":{"line":48,"column":7}},"21":{"start":{"line":46,"column":8},"end":{"line":47,"column":49}},"22":{"start":{"line":46,"column":17},"end":{"line":46,"column":76}},"23":{"start":{"line":47,"column":13},"end":{"line":47,"column":49}},"24":{"start":{"line":51,"column":4},"end":{"line":62,"column":7}},"25":{"start":{"line":60,"column":8},"end":{"line":61,"column":52}},"26":{"start":{"line":60,"column":17},"end":{"line":60,"column":79}},"27":{"start":{"line":61,"column":13},"end":{"line":61,"column":52}},"28":{"start":{"line":65,"column":4},"end":{"line":82,"column":7}},"29":{"start":{"line":77,"column":8},"end":{"line":78,"column":49}},"30":{"start":{"line":77,"column":17},"end":{"line":77,"column":76}},"31":{"start":{"line":78,"column":13},"end":{"line":78,"column":49}},"32":{"start":{"line":81,"column":8},"end":{"line":81,"column":26}},"33":{"start":{"line":87,"column":4},"end":{"line":131,"column":7}},"34":{"start":{"line":88,"column":8},"end":{"line":91,"column":9}},"35":{"start":{"line":89,"column":12},"end":{"line":89,"column":65}},"36":{"start":{"line":90,"column":12},"end":{"line":90,"column":19}},"37":{"start":{"line":93,"column":8},"end":{"line":130,"column":9}},"38":{"start":{"line":94,"column":12},"end":{"line":94,"column":51}},"39":{"start":{"line":97,"column":27},"end":{"line":101,"column":13}},"40":{"start":{"line":103,"column":30},"end":{"line":103,"column":123}},"41":{"start":{"line":104,"column":12},"end":{"line":104,"column":58}},"42":{"start":{"line":104,"column":36},"end":{"line":104,"column":56}},"43":{"start":{"line":105,"column":12},"end":{"line":105,"column":33}},"44":{"start":{"line":108,"column":30},"end":{"line":112,"column":13}},"45":{"start":{"line":114,"column":29},"end":{"line":114,"column":119}},"46":{"start":{"line":115,"column":12},"end":{"line":115,"column":58}},"47":{"start":{"line":115,"column":38},"end":{"line":115,"column":56}},"48":{"start":{"line":116,"column":12},"end":{"line":116,"column":32}},"49":{"start":{"line":119,"column":27},"end":{"line":123,"column":13}},"50":{"start":{"line":125,"column":30},"end":{"line":125,"column":146}},"51":{"start":{"line":126,"column":12},"end":{"line":126,"column":58}},"52":{"start":{"line":126,"column":36},"end":{"line":126,"column":56}},"53":{"start":{"line":127,"column":12},"end":{"line":127,"column":33}},"54":{"start":{"line":129,"column":12},"end":{"line":129,"column":49}},"55":{"start":{"line":137,"column":29},"end":{"line":137,"column":78}},"56":{"start":{"line":138,"column":29},"end":{"line":138,"column":86}},"57":{"start":{"line":139,"column":30},"end":{"line":139,"column":89}},"58":{"start":{"line":140,"column":23},"end":{"line":140,"column":75}},"59":{"start":{"line":143,"column":19},"end":{"line":143,"column":21}},"60":{"start":{"line":144,"column":4},"end":{"line":146,"column":5}},"61":{"start":{"line":145,"column":8},"end":{"line":145,"column":61}},"62":{"start":{"line":147,"column":4},"end":{"line":149,"column":5}},"63":{"start":{"line":148,"column":8},"end":{"line":148,"column":76}},"64":{"start":{"line":150,"column":4},"end":{"line":152,"column":5}},"65":{"start":{"line":151,"column":8},"end":{"line":151,"column":57}},"66":{"start":{"line":153,"column":4},"end":{"line":155,"column":5}},"67":{"start":{"line":154,"column":8},"end":{"line":154,"column":81}},"68":{"start":{"line":156,"column":4},"end":{"line":156,"column":18}},"69":{"start":{"line":160,"column":19},"end":{"line":160,"column":21}},"70":{"start":{"line":161,"column":4},"end":{"line":163,"column":5}},"71":{"start":{"line":162,"column":8},"end":{"line":162,"column":71}},"72":{"start":{"line":164,"column":4},"end":{"line":166,"column":5}},"73":{"start":{"line":165,"column":8},"end":{"line":165,"column":59}},"74":{"start":{"line":167,"column":4},"end":{"line":169,"column":5}},"75":{"start":{"line":168,"column":8},"end":{"line":168,"column":67}},"76":{"start":{"line":170,"column":4},"end":{"line":172,"column":5}},"77":{"start":{"line":171,"column":8},"end":{"line":171,"column":84}},"78":{"start":{"line":173,"column":4},"end":{"line":173,"column":18}},"79":{"start":{"line":177,"column":19},"end":{"line":177,"column":21}},"80":{"start":{"line":178,"column":4},"end":{"line":180,"column":5}},"81":{"start":{"line":179,"column":8},"end":{"line":179,"column":57}},"82":{"start":{"line":181,"column":4},"end":{"line":183,"column":5}},"83":{"start":{"line":182,"column":8},"end":{"line":182,"column":60}},"84":{"start":{"line":184,"column":4},"end":{"line":186,"column":5}},"85":{"start":{"line":185,"column":8},"end":{"line":185,"column":57}},"86":{"start":{"line":187,"column":4},"end":{"line":189,"column":5}},"87":{"start":{"line":188,"column":8},"end":{"line":188,"column":81}},"88":{"start":{"line":190,"column":4},"end":{"line":192,"column":5}},"89":{"start":{"line":191,"column":8},"end":{"line":191,"column":74}},"90":{"start":{"line":193,"column":4},"end":{"line":193,"column":18}},"91":{"start":{"line":199,"column":0},"end":{"line":207,"column":3}},"92":{"start":{"line":200,"column":4},"end":{"line":206,"column":7}},"93":{"start":{"line":201,"column":8},"end":{"line":204,"column":9}},"94":{"start":{"line":202,"column":12},"end":{"line":202,"column":65}},"95":{"start":{"line":203,"column":12},"end":{"line":203,"column":64}},"96":{"start":{"line":205,"column":8},"end":{"line":205,"column":23}},"97":{"start":{"line":210,"column":0},"end":{"line":221,"column":3}},"98":{"start":{"line":211,"column":4},"end":{"line":220,"column":7}},"99":{"start":{"line":212,"column":8},"end":{"line":215,"column":9}},"100":{"start":{"line":213,"column":12},"end":{"line":213,"column":64}},"101":{"start":{"line":214,"column":12},"end":{"line":214,"column":64}},"102":{"start":{"line":216,"column":8},"end":{"line":218,"column":9}},"103":{"start":{"line":217,"column":12},"end":{"line":217,"column":70}},"104":{"start":{"line":219,"column":8},"end":{"line":219,"column":22}},"105":{"start":{"line":224,"column":0},"end":{"line":254,"column":3}},"106":{"start":{"line":225,"column":4},"end":{"line":225,"column":42}},"107":{"start":{"line":226,"column":4},"end":{"line":226,"column":43}},"108":{"start":{"line":228,"column":55},"end":{"line":228,"column":63}},"109":{"start":{"line":231,"column":19},"end":{"line":231,"column":42}},"110":{"start":{"line":232,"column":4},"end":{"line":238,"column":5}},"111":{"start":{"line":233,"column":8},"end":{"line":233,"column":52}},"112":{"start":{"line":234,"column":8},"end":{"line":237,"column":11}},"113":{"start":{"line":240,"column":4},"end":{"line":253,"column":6}},"114":{"start":{"line":244,"column":12},"end":{"line":247,"column":13}},"115":{"start":{"line":245,"column":16},"end":{"line":245,"column":69}},"116":{"start":{"line":246,"column":16},"end":{"line":246,"column":68}},"117":{"start":{"line":249,"column":29},"end":{"line":249,"column":88}},"118":{"start":{"line":250,"column":12},"end":{"line":250,"column":54}},"119":{"start":{"line":251,"column":12},"end":{"line":251,"column":43}},"120":{"start":{"line":257,"column":0},"end":{"line":291,"column":3}},"121":{"start":{"line":258,"column":4},"end":{"line":258,"column":45}},"122":{"start":{"line":259,"column":4},"end":{"line":259,"column":43}},"123":{"start":{"line":261,"column":55},"end":{"line":261,"column":63}},"124":{"start":{"line":262,"column":19},"end":{"line":262,"column":29}},"125":{"start":{"line":265,"column":19},"end":{"line":265,"column":42}},"126":{"start":{"line":266,"column":4},"end":{"line":271,"column":5}},"127":{"start":{"line":267,"column":8},"end":{"line":270,"column":11}},"128":{"start":{"line":273,"column":4},"end":{"line":290,"column":6}},"129":{"start":{"line":277,"column":12},"end":{"line":280,"column":13}},"130":{"start":{"line":278,"column":16},"end":{"line":278,"column":68}},"131":{"start":{"line":279,"column":16},"end":{"line":279,"column":68}},"132":{"start":{"line":282,"column":12},"end":{"line":284,"column":13}},"133":{"start":{"line":283,"column":16},"end":{"line":283,"column":74}},"134":{"start":{"line":286,"column":33},"end":{"line":286,"column":93}},"135":{"start":{"line":287,"column":12},"end":{"line":287,"column":58}},"136":{"start":{"line":288,"column":12},"end":{"line":288,"column":35}},"137":{"start":{"line":294,"column":0},"end":{"line":311,"column":3}},"138":{"start":{"line":295,"column":4},"end":{"line":295,"column":48}},"139":{"start":{"line":296,"column":4},"end":{"line":296,"column":44}},"140":{"start":{"line":298,"column":4},"end":{"line":310,"column":7}},"141":{"start":{"line":299,"column":8},"end":{"line":302,"column":9}},"142":{"start":{"line":300,"column":12},"end":{"line":300,"column":64}},"143":{"start":{"line":301,"column":12},"end":{"line":301,"column":64}},"144":{"start":{"line":304,"column":8},"end":{"line":306,"column":9}},"145":{"start":{"line":305,"column":12},"end":{"line":305,"column":70}},"146":{"start":{"line":308,"column":8},"end":{"line":308,"column":39}},"147":{"start":{"line":309,"column":8},"end":{"line":309,"column":60}},"148":{"start":{"line":316,"column":0},"end":{"line":323,"column":3}},"149":{"start":{"line":317,"column":4},"end":{"line":322,"column":7}},"150":{"start":{"line":318,"column":8},"end":{"line":320,"column":9}},"151":{"start":{"line":319,"column":12},"end":{"line":319,"column":64}},"152":{"start":{"line":321,"column":8},"end":{"line":321,"column":23}},"153":{"start":{"line":326,"column":0},"end":{"line":336,"column":3}},"154":{"start":{"line":327,"column":4},"end":{"line":335,"column":7}},"155":{"start":{"line":328,"column":8},"end":{"line":330,"column":9}},"156":{"start":{"line":329,"column":12},"end":{"line":329,"column":64}},"157":{"start":{"line":331,"column":8},"end":{"line":333,"column":9}},"158":{"start":{"line":332,"column":12},"end":{"line":332,"column":74}},"159":{"start":{"line":334,"column":8},"end":{"line":334,"column":22}},"160":{"start":{"line":339,"column":0},"end":{"line":369,"column":3}},"161":{"start":{"line":340,"column":4},"end":{"line":340,"column":45}},"162":{"start":{"line":341,"column":4},"end":{"line":341,"column":43}},"163":{"start":{"line":343,"column":49},"end":{"line":343,"column":57}},"164":{"start":{"line":344,"column":24},"end":{"line":344,"column":73}},"165":{"start":{"line":347,"column":19},"end":{"line":347,"column":45}},"166":{"start":{"line":348,"column":4},"end":{"line":353,"column":5}},"167":{"start":{"line":349,"column":8},"end":{"line":352,"column":11}},"168":{"start":{"line":355,"column":4},"end":{"line":368,"column":6}},"169":{"start":{"line":359,"column":12},"end":{"line":362,"column":13}},"170":{"start":{"line":360,"column":16},"end":{"line":360,"column":73}},"171":{"start":{"line":361,"column":16},"end":{"line":361,"column":68}},"172":{"start":{"line":364,"column":32},"end":{"line":364,"column":98}},"173":{"start":{"line":365,"column":12},"end":{"line":365,"column":61}},"174":{"start":{"line":366,"column":12},"end":{"line":366,"column":46}},"175":{"start":{"line":372,"column":0},"end":{"line":406,"column":3}},"176":{"start":{"line":373,"column":4},"end":{"line":373,"column":48}},"177":{"start":{"line":374,"column":4},"end":{"line":374,"column":43}},"178":{"start":{"line":376,"column":49},"end":{"line":376,"column":57}},"179":{"start":{"line":377,"column":19},"end":{"line":377,"column":29}},"180":{"start":{"line":378,"column":24},"end":{"line":378,"column":73}},"181":{"start":{"line":381,"column":19},"end":{"line":381,"column":45}},"182":{"start":{"line":382,"column":4},"end":{"line":387,"column":5}},"183":{"start":{"line":383,"column":8},"end":{"line":386,"column":11}},"184":{"start":{"line":389,"column":4},"end":{"line":405,"column":6}},"185":{"start":{"line":393,"column":12},"end":{"line":395,"column":13}},"186":{"start":{"line":394,"column":16},"end":{"line":394,"column":68}},"187":{"start":{"line":397,"column":12},"end":{"line":399,"column":13}},"188":{"start":{"line":398,"column":16},"end":{"line":398,"column":78}},"189":{"start":{"line":401,"column":36},"end":{"line":401,"column":103}},"190":{"start":{"line":402,"column":12},"end":{"line":402,"column":65}},"191":{"start":{"line":403,"column":12},"end":{"line":403,"column":38}},"192":{"start":{"line":409,"column":0},"end":{"line":424,"column":3}},"193":{"start":{"line":410,"column":4},"end":{"line":410,"column":51}},"194":{"start":{"line":412,"column":4},"end":{"line":423,"column":7}},"195":{"start":{"line":413,"column":8},"end":{"line":415,"column":9}},"196":{"start":{"line":414,"column":12},"end":{"line":414,"column":64}},"197":{"start":{"line":417,"column":8},"end":{"line":419,"column":9}},"198":{"start":{"line":418,"column":12},"end":{"line":418,"column":74}},"199":{"start":{"line":421,"column":8},"end":{"line":421,"column":43}},"200":{"start":{"line":422,"column":8},"end":{"line":422,"column":64}},"201":{"start":{"line":429,"column":0},"end":{"line":436,"column":3}},"202":{"start":{"line":430,"column":4},"end":{"line":435,"column":7}},"203":{"start":{"line":431,"column":8},"end":{"line":433,"column":9}},"204":{"start":{"line":432,"column":12},"end":{"line":432,"column":64}},"205":{"start":{"line":434,"column":8},"end":{"line":434,"column":23}},"206":{"start":{"line":439,"column":0},"end":{"line":449,"column":3}},"207":{"start":{"line":440,"column":4},"end":{"line":448,"column":7}},"208":{"start":{"line":441,"column":8},"end":{"line":443,"column":9}},"209":{"start":{"line":442,"column":12},"end":{"line":442,"column":64}},"210":{"start":{"line":444,"column":8},"end":{"line":446,"column":9}},"211":{"start":{"line":445,"column":12},"end":{"line":445,"column":70}},"212":{"start":{"line":447,"column":8},"end":{"line":447,"column":22}},"213":{"start":{"line":452,"column":0},"end":{"line":481,"column":3}},"214":{"start":{"line":453,"column":4},"end":{"line":453,"column":42}},"215":{"start":{"line":454,"column":4},"end":{"line":454,"column":43}},"216":{"start":{"line":456,"column":75},"end":{"line":456,"column":83}},"217":{"start":{"line":459,"column":19},"end":{"line":459,"column":42}},"218":{"start":{"line":460,"column":4},"end":{"line":465,"column":5}},"219":{"start":{"line":461,"column":8},"end":{"line":464,"column":11}},"220":{"start":{"line":467,"column":4},"end":{"line":480,"column":6}},"221":{"start":{"line":471,"column":12},"end":{"line":474,"column":13}},"222":{"start":{"line":472,"column":16},"end":{"line":472,"column":69}},"223":{"start":{"line":473,"column":16},"end":{"line":473,"column":68}},"224":{"start":{"line":476,"column":29},"end":{"line":476,"column":108}},"225":{"start":{"line":477,"column":12},"end":{"line":477,"column":54}},"226":{"start":{"line":478,"column":12},"end":{"line":478,"column":43}},"227":{"start":{"line":484,"column":0},"end":{"line":517,"column":3}},"228":{"start":{"line":485,"column":4},"end":{"line":485,"column":45}},"229":{"start":{"line":486,"column":4},"end":{"line":486,"column":43}},"230":{"start":{"line":488,"column":75},"end":{"line":488,"column":83}},"231":{"start":{"line":489,"column":19},"end":{"line":489,"column":29}},"232":{"start":{"line":492,"column":19},"end":{"line":492,"column":42}},"233":{"start":{"line":493,"column":4},"end":{"line":498,"column":5}},"234":{"start":{"line":494,"column":8},"end":{"line":497,"column":11}},"235":{"start":{"line":500,"column":4},"end":{"line":516,"column":6}},"236":{"start":{"line":504,"column":12},"end":{"line":506,"column":13}},"237":{"start":{"line":505,"column":16},"end":{"line":505,"column":68}},"238":{"start":{"line":508,"column":12},"end":{"line":510,"column":13}},"239":{"start":{"line":509,"column":16},"end":{"line":509,"column":74}},"240":{"start":{"line":512,"column":33},"end":{"line":512,"column":113}},"241":{"start":{"line":513,"column":12},"end":{"line":513,"column":58}},"242":{"start":{"line":514,"column":12},"end":{"line":514,"column":35}},"243":{"start":{"line":520,"column":0},"end":{"line":535,"column":3}},"244":{"start":{"line":521,"column":4},"end":{"line":521,"column":48}},"245":{"start":{"line":523,"column":4},"end":{"line":534,"column":7}},"246":{"start":{"line":524,"column":8},"end":{"line":526,"column":9}},"247":{"start":{"line":525,"column":12},"end":{"line":525,"column":64}},"248":{"start":{"line":528,"column":8},"end":{"line":530,"column":9}},"249":{"start":{"line":529,"column":12},"end":{"line":529,"column":70}},"250":{"start":{"line":532,"column":8},"end":{"line":532,"column":39}},"251":{"start":{"line":533,"column":8},"end":{"line":533,"column":60}},"252":{"start":{"line":538,"column":0},"end":{"line":538,"column":21}},"253":{"start":{"line":541,"column":0},"end":{"line":553,"column":1}},"254":{"start":{"line":542,"column":4},"end":{"line":552,"column":7}},"255":{"start":{"line":543,"column":8},"end":{"line":543,"column":94}},"256":{"start":{"line":544,"column":8},"end":{"line":544,"column":62}},"257":{"start":{"line":545,"column":8},"end":{"line":545,"column":46}},"258":{"start":{"line":546,"column":8},"end":{"line":546,"column":40}},"259":{"start":{"line":547,"column":8},"end":{"line":547,"column":44}},"260":{"start":{"line":548,"column":8},"end":{"line":548,"column":40}},"261":{"start":{"line":549,"column":8},"end":{"line":549,"column":44}},"262":{"start":{"line":550,"column":8},"end":{"line":550,"column":44}},"263":{"start":{"line":551,"column":8},"end":{"line":551,"column":69}},"264":{"start":{"line":556,"column":0},"end":{"line":565,"column":3}},"265":{"start":{"line":557,"column":4},"end":{"line":564,"column":7}},"266":{"start":{"line":558,"column":8},"end":{"line":562,"column":9}},"267":{"start":{"line":559,"column":12},"end":{"line":559,"column":66}},"268":{"start":{"line":561,"column":12},"end":{"line":561,"column":58}},"269":{"start":{"line":563,"column":8},"end":{"line":563,"column":24}}},"fnMap":{"0":{"name":"(anonymous_0)","decl":{"start":{"line":15,"column":8},"end":{"line":15,"column":9}},"loc":{"start":{"line":15,"column":28},"end":{"line":20,"column":1}},"line":15},"1":{"name":"(anonymous_1)","decl":{"start":{"line":25,"column":49},"end":{"line":25,"column":50}},"loc":{"start":{"line":25,"column":58},"end":{"line":32,"column":1}},"line":25},"2":{"name":"initializeDatabase","decl":{"start":{"line":35,"column":9},"end":{"line":35,"column":27}},"loc":{"start":{"line":35,"column":30},"end":{"line":83,"column":1}},"line":35},"3":{"name":"(anonymous_3)","decl":{"start":{"line":45,"column":7},"end":{"line":45,"column":8}},"loc":{"start":{"line":45,"column":16},"end":{"line":48,"column":5}},"line":45},"4":{"name":"(anonymous_4)","decl":{"start":{"line":59,"column":7},"end":{"line":59,"column":8}},"loc":{"start":{"line":59,"column":16},"end":{"line":62,"column":5}},"line":59},"5":{"name":"(anonymous_5)","decl":{"start":{"line":76,"column":7},"end":{"line":76,"column":8}},"loc":{"start":{"line":76,"column":16},"end":{"line":82,"column":5}},"line":76},"6":{"name":"seedDataIfEmpty","decl":{"start":{"line":86,"column":9},"end":{"line":86,"column":24}},"loc":{"start":{"line":86,"column":27},"end":{"line":132,"column":1}},"line":86},"7":{"name":"(anonymous_7)","decl":{"start":{"line":87,"column":51},"end":{"line":87,"column":52}},"loc":{"start":{"line":87,"column":65},"end":{"line":131,"column":5}},"line":87},"8":{"name":"(anonymous_8)","decl":{"start":{"line":104,"column":27},"end":{"line":104,"column":28}},"loc":{"start":{"line":104,"column":36},"end":{"line":104,"column":56}},"line":104},"9":{"name":"(anonymous_9)","decl":{"start":{"line":115,"column":30},"end":{"line":115,"column":31}},"loc":{"start":{"line":115,"column":38},"end":{"line":115,"column":56}},"line":115},"10":{"name":"(anonymous_10)","decl":{"start":{"line":126,"column":27},"end":{"line":126,"column":28}},"loc":{"start":{"line":126,"column":36},"end":{"line":126,"column":56}},"line":126},"11":{"name":"validateTable","decl":{"start":{"line":142,"column":9},"end":{"line":142,"column":22}},"loc":{"start":{"line":142,"column":29},"end":{"line":157,"column":1}},"line":142},"12":{"name":"validateMenuItem","decl":{"start":{"line":159,"column":9},"end":{"line":159,"column":25}},"loc":{"start":{"line":159,"column":32},"end":{"line":174,"column":1}},"line":159},"13":{"name":"validateOrder","decl":{"start":{"line":176,"column":9},"end":{"line":176,"column":22}},"loc":{"start":{"line":176,"column":29},"end":{"line":194,"column":1}},"line":176},"14":{"name":"(anonymous_14)","decl":{"start":{"line":199,"column":19},"end":{"line":199,"column":20}},"loc":{"start":{"line":199,"column":33},"end":{"line":207,"column":1}},"line":199},"15":{"name":"(anonymous_15)","decl":{"start":{"line":200,"column":39},"end":{"line":200,"column":40}},"loc":{"start":{"line":200,"column":54},"end":{"line":206,"column":5}},"line":200},"16":{"name":"(anonymous_16)","decl":{"start":{"line":210,"column":23},"end":{"line":210,"column":24}},"loc":{"start":{"line":210,"column":37},"end":{"line":221,"column":1}},"line":210},"17":{"name":"(anonymous_17)","decl":{"start":{"line":211,"column":65},"end":{"line":211,"column":66}},"loc":{"start":{"line":211,"column":79},"end":{"line":220,"column":5}},"line":211},"18":{"name":"(anonymous_18)","decl":{"start":{"line":224,"column":20},"end":{"line":224,"column":21}},"loc":{"start":{"line":224,"column":34},"end":{"line":254,"column":1}},"line":224},"19":{"name":"(anonymous_19)","decl":{"start":{"line":243,"column":8},"end":{"line":243,"column":9}},"loc":{"start":{"line":243,"column":22},"end":{"line":252,"column":9}},"line":243},"20":{"name":"(anonymous_20)","decl":{"start":{"line":257,"column":23},"end":{"line":257,"column":24}},"loc":{"start":{"line":257,"column":37},"end":{"line":291,"column":1}},"line":257},"21":{"name":"(anonymous_21)","decl":{"start":{"line":276,"column":8},"end":{"line":276,"column":9}},"loc":{"start":{"line":276,"column":22},"end":{"line":289,"column":9}},"line":276},"22":{"name":"(anonymous_22)","decl":{"start":{"line":294,"column":26},"end":{"line":294,"column":27}},"loc":{"start":{"line":294,"column":40},"end":{"line":311,"column":1}},"line":294},"23":{"name":"(anonymous_23)","decl":{"start":{"line":298,"column":63},"end":{"line":298,"column":64}},"loc":{"start":{"line":298,"column":77},"end":{"line":310,"column":5}},"line":298},"24":{"name":"(anonymous_24)","decl":{"start":{"line":316,"column":22},"end":{"line":316,"column":23}},"loc":{"start":{"line":316,"column":36},"end":{"line":323,"column":1}},"line":316},"25":{"name":"(anonymous_25)","decl":{"start":{"line":317,"column":42},"end":{"line":317,"column":43}},"loc":{"start":{"line":317,"column":57},"end":{"line":322,"column":5}},"line":317},"26":{"name":"(anonymous_26)","decl":{"start":{"line":326,"column":26},"end":{"line":326,"column":27}},"loc":{"start":{"line":326,"column":40},"end":{"line":336,"column":1}},"line":326},"27":{"name":"(anonymous_27)","decl":{"start":{"line":327,"column":68},"end":{"line":327,"column":69}},"loc":{"start":{"line":327,"column":82},"end":{"line":335,"column":5}},"line":327},"28":{"name":"(anonymous_28)","decl":{"start":{"line":339,"column":23},"end":{"line":339,"column":24}},"loc":{"start":{"line":339,"column":37},"end":{"line":369,"column":1}},"line":339},"29":{"name":"(anonymous_29)","decl":{"start":{"line":358,"column":8},"end":{"line":358,"column":9}},"loc":{"start":{"line":358,"column":22},"end":{"line":367,"column":9}},"line":358},"30":{"name":"(anonymous_30)","decl":{"start":{"line":372,"column":26},"end":{"line":372,"column":27}},"loc":{"start":{"line":372,"column":40},"end":{"line":406,"column":1}},"line":372},"31":{"name":"(anonymous_31)","decl":{"start":{"line":392,"column":8},"end":{"line":392,"column":9}},"loc":{"start":{"line":392,"column":22},"end":{"line":404,"column":9}},"line":392},"32":{"name":"(anonymous_32)","decl":{"start":{"line":409,"column":29},"end":{"line":409,"column":30}},"loc":{"start":{"line":409,"column":43},"end":{"line":424,"column":1}},"line":409},"33":{"name":"(anonymous_33)","decl":{"start":{"line":412,"column":66},"end":{"line":412,"column":67}},"loc":{"start":{"line":412,"column":80},"end":{"line":423,"column":5}},"line":412},"34":{"name":"(anonymous_34)","decl":{"start":{"line":429,"column":19},"end":{"line":429,"column":20}},"loc":{"start":{"line":429,"column":33},"end":{"line":436,"column":1}},"line":429},"35":{"name":"(anonymous_35)","decl":{"start":{"line":430,"column":39},"end":{"line":430,"column":40}},"loc":{"start":{"line":430,"column":54},"end":{"line":435,"column":5}},"line":430},"36":{"name":"(anonymous_36)","decl":{"start":{"line":439,"column":23},"end":{"line":439,"column":24}},"loc":{"start":{"line":439,"column":37},"end":{"line":449,"column":1}},"line":439},"37":{"name":"(anonymous_37)","decl":{"start":{"line":440,"column":65},"end":{"line":440,"column":66}},"loc":{"start":{"line":440,"column":79},"end":{"line":448,"column":5}},"line":440},"38":{"name":"(anonymous_38)","decl":{"start":{"line":452,"column":20},"end":{"line":452,"column":21}},"loc":{"start":{"line":452,"column":34},"end":{"line":481,"column":1}},"line":452},"39":{"name":"(anonymous_39)","decl":{"start":{"line":470,"column":8},"end":{"line":470,"column":9}},"loc":{"start":{"line":470,"column":22},"end":{"line":479,"column":9}},"line":470},"40":{"name":"(anonymous_40)","decl":{"start":{"line":484,"column":23},"end":{"line":484,"column":24}},"loc":{"start":{"line":484,"column":37},"end":{"line":517,"column":1}},"line":484},"41":{"name":"(anonymous_41)","decl":{"start":{"line":503,"column":8},"end":{"line":503,"column":9}},"loc":{"start":{"line":503,"column":22},"end":{"line":515,"column":9}},"line":503},"42":{"name":"(anonymous_42)","decl":{"start":{"line":520,"column":26},"end":{"line":520,"column":27}},"loc":{"start":{"line":520,"column":40},"end":{"line":535,"column":1}},"line":520},"43":{"name":"(anonymous_43)","decl":{"start":{"line":523,"column":63},"end":{"line":523,"column":64}},"loc":{"start":{"line":523,"column":77},"end":{"line":534,"column":5}},"line":523},"44":{"name":"(anonymous_44)","decl":{"start":{"line":542,"column":21},"end":{"line":542,"column":22}},"loc":{"start":{"line":542,"column":27},"end":{"line":552,"column":5}},"line":542},"45":{"name":"(anonymous_45)","decl":{"start":{"line":556,"column":21},"end":{"line":556,"column":22}},"loc":{"start":{"line":556,"column":27},"end":{"line":565,"column":1}},"line":556},"46":{"name":"(anonymous_46)","decl":{"start":{"line":557,"column":13},"end":{"line":557,"column":14}},"loc":{"start":{"line":557,"column":22},"end":{"line":564,"column":5}},"line":557}},"branchMap":{"0":{"loc":{"start":{"line":26,"column":4},"end":{"line":31,"column":5}},"type":"if","locations":[{"start":{"line":26,"column":4},"end":{"line":31,"column":5}},{"start":{"line":28,"column":11},"end":{"line":31,"column":5}}],"line":26},"1":{"loc":{"start":{"line":46,"column":8},"end":{"line":47,"column":49}},"type":"if","locations":[{"start":{"line":46,"column":8},"end":{"line":47,"column":49}},{"start":{"line":47,"column":13},"end":{"line":47,"column":49}}],"line":46},"2":{"loc":{"start":{"line":60,"column":8},"end":{"line":61,"column":52}},"type":"if","locations":[{"start":{"line":60,"column":8},"end":{"line":61,"column":52}},{"start":{"line":61,"column":13},"end":{"line":61,"column":52}}],"line":60},"3":{"loc":{"start":{"line":77,"column":8},"end":{"line":78,"column":49}},"type":"if","locations":[{"start":{"line":77,"column":8},"end":{"line":78,"column":49}},{"start":{"line":78,"column":13},"end":{"line":78,"column":49}}],"line":77},"4":{"loc":{"start":{"line":88,"column":8},"end":{"line":91,"column":9}},"type":"if","locations":[{"start":{"line":88,"column":8},"end":{"line":91,"column":9}},{"start":{},"end":{}}],"line":88},"5":{"loc":{"start":{"line":93,"column":8},"end":{"line":130,"column":9}},"type":"if","locations":[{"start":{"line":93,"column":8},"end":{"line":130,"column":9}},{"start":{},"end":{}}],"line":93},"6":{"loc":{"start":{"line":144,"column":4},"end":{"line":146,"column":5}},"type":"if","locations":[{"start":{"line":144,"column":4},"end":{"line":146,"column":5}},{"start":{},"end":{}}],"line":144},"7":{"loc":{"start":{"line":144,"column":8},"end":{"line":144,"column":89}},"type":"binary-expr","locations":[{"start":{"line":144,"column":8},"end":{"line":144,"column":25}},{"start":{"line":144,"column":29},"end":{"line":144,"column":65}},{"start":{"line":144,"column":69},"end":{"line":144,"column":89}}],"line":144},"8":{"loc":{"start":{"line":147,"column":4},"end":{"line":149,"column":5}},"type":"if","locations":[{"start":{"line":147,"column":4},"end":{"line":149,"column":5}},{"start":{},"end":{}}],"line":147},"9":{"loc":{"start":{"line":147,"column":8},"end":{"line":147,"column":63}},"type":"binary-expr","locations":[{"start":{"line":147,"column":8},"end":{"line":147,"column":21}},{"start":{"line":147,"column":25},"end":{"line":147,"column":63}}],"line":147},"10":{"loc":{"start":{"line":150,"column":4},"end":{"line":152,"column":5}},"type":"if","locations":[{"start":{"line":150,"column":4},"end":{"line":152,"column":5}},{"start":{},"end":{}}],"line":150},"11":{"loc":{"start":{"line":150,"column":8},"end":{"line":150,"column":102}},"type":"binary-expr","locations":[{"start":{"line":150,"column":8},"end":{"line":150,"column":22}},{"start":{"line":150,"column":26},"end":{"line":150,"column":59}},{"start":{"line":150,"column":63},"end":{"line":150,"column":80}},{"start":{"line":150,"column":84},"end":{"line":150,"column":102}}],"line":150},"12":{"loc":{"start":{"line":153,"column":4},"end":{"line":155,"column":5}},"type":"if","locations":[{"start":{"line":153,"column":4},"end":{"line":155,"column":5}},{"start":{},"end":{}}],"line":153},"13":{"loc":{"start":{"line":153,"column":8},"end":{"line":153,"column":67}},"type":"binary-expr","locations":[{"start":{"line":153,"column":8},"end":{"line":153,"column":20}},{"start":{"line":153,"column":24},"end":{"line":153,"column":67}}],"line":153},"14":{"loc":{"start":{"line":161,"column":4},"end":{"line":163,"column":5}},"type":"if","locations":[{"start":{"line":161,"column":4},"end":{"line":163,"column":5}},{"start":{},"end":{}}],"line":161},"15":{"loc":{"start":{"line":161,"column":8},"end":{"line":161,"column":84}},"type":"binary-expr","locations":[{"start":{"line":161,"column":8},"end":{"line":161,"column":18}},{"start":{"line":161,"column":22},"end":{"line":161,"column":51}},{"start":{"line":161,"column":55},"end":{"line":161,"column":84}}],"line":161},"16":{"loc":{"start":{"line":164,"column":4},"end":{"line":166,"column":5}},"type":"if","locations":[{"start":{"line":164,"column":4},"end":{"line":166,"column":5}},{"start":{},"end":{}}],"line":164},"17":{"loc":{"start":{"line":164,"column":8},"end":{"line":164,"column":43}},"type":"binary-expr","locations":[{"start":{"line":164,"column":8},"end":{"line":164,"column":17}},{"start":{"line":164,"column":21},"end":{"line":164,"column":43}}],"line":164},"18":{"loc":{"start":{"line":167,"column":4},"end":{"line":169,"column":5}},"type":"if","locations":[{"start":{"line":167,"column":4},"end":{"line":169,"column":5}},{"start":{},"end":{}}],"line":167},"19":{"loc":{"start":{"line":167,"column":8},"end":{"line":167,"column":107}},"type":"binary-expr","locations":[{"start":{"line":167,"column":8},"end":{"line":167,"column":32}},{"start":{"line":167,"column":36},"end":{"line":167,"column":66}},{"start":{"line":167,"column":70},"end":{"line":167,"column":84}},{"start":{"line":167,"column":88},"end":{"line":167,"column":107}}],"line":167},"20":{"loc":{"start":{"line":170,"column":4},"end":{"line":172,"column":5}},"type":"if","locations":[{"start":{"line":170,"column":4},"end":{"line":172,"column":5}},{"start":{},"end":{}}],"line":170},"21":{"loc":{"start":{"line":170,"column":8},"end":{"line":170,"column":72}},"type":"binary-expr","locations":[{"start":{"line":170,"column":8},"end":{"line":170,"column":22}},{"start":{"line":170,"column":26},"end":{"line":170,"column":72}}],"line":170},"22":{"loc":{"start":{"line":178,"column":4},"end":{"line":180,"column":5}},"type":"if","locations":[{"start":{"line":178,"column":4},"end":{"line":180,"column":5}},{"start":{},"end":{}}],"line":178},"23":{"loc":{"start":{"line":178,"column":8},"end":{"line":178,"column":77}},"type":"binary-expr","locations":[{"start":{"line":178,"column":8},"end":{"line":178,"column":21}},{"start":{"line":178,"column":25},"end":{"line":178,"column":57}},{"start":{"line":178,"column":61},"end":{"line":178,"column":77}}],"line":178},"24":{"loc":{"start":{"line":181,"column":4},"end":{"line":183,"column":5}},"type":"if","locations":[{"start":{"line":181,"column":4},"end":{"line":183,"column":5}},{"start":{},"end":{}}],"line":181},"25":{"loc":{"start":{"line":181,"column":8},"end":{"line":181,"column":86}},"type":"binary-expr","locations":[{"start":{"line":181,"column":8},"end":{"line":181,"column":24}},{"start":{"line":181,"column":28},"end":{"line":181,"column":63}},{"start":{"line":181,"column":67},"end":{"line":181,"column":86}}],"line":181},"26":{"loc":{"start":{"line":184,"column":4},"end":{"line":186,"column":5}},"type":"if","locations":[{"start":{"line":184,"column":4},"end":{"line":186,"column":5}},{"start":{},"end":{}}],"line":184},"27":{"loc":{"start":{"line":184,"column":8},"end":{"line":184,"column":102}},"type":"binary-expr","locations":[{"start":{"line":184,"column":8},"end":{"line":184,"column":22}},{"start":{"line":184,"column":26},"end":{"line":184,"column":59}},{"start":{"line":184,"column":63},"end":{"line":184,"column":80}},{"start":{"line":184,"column":84},"end":{"line":184,"column":102}}],"line":184},"28":{"loc":{"start":{"line":187,"column":4},"end":{"line":189,"column":5}},"type":"if","locations":[{"start":{"line":187,"column":4},"end":{"line":189,"column":5}},{"start":{},"end":{}}],"line":187},"29":{"loc":{"start":{"line":187,"column":8},"end":{"line":187,"column":67}},"type":"binary-expr","locations":[{"start":{"line":187,"column":8},"end":{"line":187,"column":20}},{"start":{"line":187,"column":24},"end":{"line":187,"column":67}}],"line":187},"30":{"loc":{"start":{"line":190,"column":4},"end":{"line":192,"column":5}},"type":"if","locations":[{"start":{"line":190,"column":4},"end":{"line":192,"column":5}},{"start":{},"end":{}}],"line":190},"31":{"loc":{"start":{"line":190,"column":8},"end":{"line":190,"column":73}},"type":"binary-expr","locations":[{"start":{"line":190,"column":8},"end":{"line":190,"column":32}},{"start":{"line":190,"column":36},"end":{"line":190,"column":73}}],"line":190},"32":{"loc":{"start":{"line":201,"column":8},"end":{"line":204,"column":9}},"type":"if","locations":[{"start":{"line":201,"column":8},"end":{"line":204,"column":9}},{"start":{},"end":{}}],"line":201},"33":{"loc":{"start":{"line":212,"column":8},"end":{"line":215,"column":9}},"type":"if","locations":[{"start":{"line":212,"column":8},"end":{"line":215,"column":9}},{"start":{},"end":{}}],"line":212},"34":{"loc":{"start":{"line":216,"column":8},"end":{"line":218,"column":9}},"type":"if","locations":[{"start":{"line":216,"column":8},"end":{"line":218,"column":9}},{"start":{},"end":{}}],"line":216},"35":{"loc":{"start":{"line":232,"column":4},"end":{"line":238,"column":5}},"type":"if","locations":[{"start":{"line":232,"column":4},"end":{"line":238,"column":5}},{"start":{},"end":{}}],"line":232},"36":{"loc":{"start":{"line":244,"column":12},"end":{"line":247,"column":13}},"type":"if","locations":[{"start":{"line":244,"column":12},"end":{"line":247,"column":13}},{"start":{},"end":{}}],"line":244},"37":{"loc":{"start":{"line":266,"column":4},"end":{"line":271,"column":5}},"type":"if","locations":[{"start":{"line":266,"column":4},"end":{"line":271,"column":5}},{"start":{},"end":{}}],"line":266},"38":{"loc":{"start":{"line":277,"column":12},"end":{"line":280,"column":13}},"type":"if","locations":[{"start":{"line":277,"column":12},"end":{"line":280,"column":13}},{"start":{},"end":{}}],"line":277},"39":{"loc":{"start":{"line":282,"column":12},"end":{"line":284,"column":13}},"type":"if","locations":[{"start":{"line":282,"column":12},"end":{"line":284,"column":13}},{"start":{},"end":{}}],"line":282},"40":{"loc":{"start":{"line":299,"column":8},"end":{"line":302,"column":9}},"type":"if","locations":[{"start":{"line":299,"column":8},"end":{"line":302,"column":9}},{"start":{},"end":{}}],"line":299},"41":{"loc":{"start":{"line":304,"column":8},"end":{"line":306,"column":9}},"type":"if","locations":[{"start":{"line":304,"column":8},"end":{"line":306,"column":9}},{"start":{},"end":{}}],"line":304},"42":{"loc":{"start":{"line":318,"column":8},"end":{"line":320,"column":9}},"type":"if","locations":[{"start":{"line":318,"column":8},"end":{"line":320,"column":9}},{"start":{},"end":{}}],"line":318},"43":{"loc":{"start":{"line":328,"column":8},"end":{"line":330,"column":9}},"type":"if","locations":[{"start":{"line":328,"column":8},"end":{"line":330,"column":9}},{"start":{},"end":{}}],"line":328},"44":{"loc":{"start":{"line":331,"column":8},"end":{"line":333,"column":9}},"type":"if","locations":[{"start":{"line":331,"column":8},"end":{"line":333,"column":9}},{"start":{},"end":{}}],"line":331},"45":{"loc":{"start":{"line":344,"column":24},"end":{"line":344,"column":73}},"type":"cond-expr","locations":[{"start":{"line":344,"column":51},"end":{"line":344,"column":68}},{"start":{"line":344,"column":72},"end":{"line":344,"column":73}}],"line":344},"46":{"loc":{"start":{"line":344,"column":51},"end":{"line":344,"column":68}},"type":"cond-expr","locations":[{"start":{"line":344,"column":63},"end":{"line":344,"column":64}},{"start":{"line":344,"column":67},"end":{"line":344,"column":68}}],"line":344},"47":{"loc":{"start":{"line":348,"column":4},"end":{"line":353,"column":5}},"type":"if","locations":[{"start":{"line":348,"column":4},"end":{"line":353,"column":5}},{"start":{},"end":{}}],"line":348},"48":{"loc":{"start":{"line":359,"column":12},"end":{"line":362,"column":13}},"type":"if","locations":[{"start":{"line":359,"column":12},"end":{"line":362,"column":13}},{"start":{},"end":{}}],"line":359},"49":{"loc":{"start":{"line":378,"column":24},"end":{"line":378,"column":73}},"type":"cond-expr","locations":[{"start":{"line":378,"column":51},"end":{"line":378,"column":68}},{"start":{"line":378,"column":72},"end":{"line":378,"column":73}}],"line":378},"50":{"loc":{"start":{"line":378,"column":51},"end":{"line":378,"column":68}},"type":"cond-expr","locations":[{"start":{"line":378,"column":63},"end":{"line":378,"column":64}},{"start":{"line":378,"column":67},"end":{"line":378,"column":68}}],"line":378},"51":{"loc":{"start":{"line":382,"column":4},"end":{"line":387,"column":5}},"type":"if","locations":[{"start":{"line":382,"column":4},"end":{"line":387,"column":5}},{"start":{},"end":{}}],"line":382},"52":{"loc":{"start":{"line":393,"column":12},"end":{"line":395,"column":13}},"type":"if","locations":[{"start":{"line":393,"column":12},"end":{"line":395,"column":13}},{"start":{},"end":{}}],"line":393},"53":{"loc":{"start":{"line":397,"column":12},"end":{"line":399,"column":13}},"type":"if","locations":[{"start":{"line":397,"column":12},"end":{"line":399,"column":13}},{"start":{},"end":{}}],"line":397},"54":{"loc":{"start":{"line":413,"column":8},"end":{"line":415,"column":9}},"type":"if","locations":[{"start":{"line":413,"column":8},"end":{"line":415,"column":9}},{"start":{},"end":{}}],"line":413},"55":{"loc":{"start":{"line":417,"column":8},"end":{"line":419,"column":9}},"type":"if","locations":[{"start":{"line":417,"column":8},"end":{"line":419,"column":9}},{"start":{},"end":{}}],"line":417},"56":{"loc":{"start":{"line":431,"column":8},"end":{"line":433,"column":9}},"type":"if","locations":[{"start":{"line":431,"column":8},"end":{"line":433,"column":9}},{"start":{},"end":{}}],"line":431},"57":{"loc":{"start":{"line":441,"column":8},"end":{"line":443,"column":9}},"type":"if","locations":[{"start":{"line":441,"column":8},"end":{"line":443,"column":9}},{"start":{},"end":{}}],"line":441},"58":{"loc":{"start":{"line":444,"column":8},"end":{"line":446,"column":9}},"type":"if","locations":[{"start":{"line":444,"column":8},"end":{"line":446,"column":9}},{"start":{},"end":{}}],"line":444},"59":{"loc":{"start":{"line":460,"column":4},"end":{"line":465,"column":5}},"type":"if","locations":[{"start":{"line":460,"column":4},"end":{"line":465,"column":5}},{"start":{},"end":{}}],"line":460},"60":{"loc":{"start":{"line":469,"column":48},"end":{"line":469,"column":75}},"type":"binary-expr","locations":[{"start":{"line":469,"column":48},"end":{"line":469,"column":67}},{"start":{"line":469,"column":71},"end":{"line":469,"column":75}}],"line":469},"61":{"loc":{"start":{"line":471,"column":12},"end":{"line":474,"column":13}},"type":"if","locations":[{"start":{"line":471,"column":12},"end":{"line":474,"column":13}},{"start":{},"end":{}}],"line":471},"62":{"loc":{"start":{"line":493,"column":4},"end":{"line":498,"column":5}},"type":"if","locations":[{"start":{"line":493,"column":4},"end":{"line":498,"column":5}},{"start":{},"end":{}}],"line":493},"63":{"loc":{"start":{"line":502,"column":48},"end":{"line":502,"column":75}},"type":"binary-expr","locations":[{"start":{"line":502,"column":48},"end":{"line":502,"column":67}},{"start":{"line":502,"column":71},"end":{"line":502,"column":75}}],"line":502},"64":{"loc":{"start":{"line":504,"column":12},"end":{"line":506,"column":13}},"type":"if","locations":[{"start":{"line":504,"column":12},"end":{"line":506,"column":13}},{"start":{},"end":{}}],"line":504},"65":{"loc":{"start":{"line":508,"column":12},"end":{"line":510,"column":13}},"type":"if","locations":[{"start":{"line":508,"column":12},"end":{"line":510,"column":13}},{"start":{},"end":{}}],"line":508},"66":{"loc":{"start":{"line":524,"column":8},"end":{"line":526,"column":9}},"type":"if","locations":[{"start":{"line":524,"column":8},"end":{"line":526,"column":9}},{"start":{},"end":{}}],"line":524},"67":{"loc":{"start":{"line":528,"column":8},"end":{"line":530,"column":9}},"type":"if","locations":[{"start":{"line":528,"column":8},"end":{"line":530,"column":9}},{"start":{},"end":{}}],"line":528},"68":{"loc":{"start":{"line":541,"column":0},"end":{"line":553,"column":1}},"type":"if","locations":[{"start":{"line":541,"column":0},"end":{"line":553,"column":1}},{"start":{},"end":{}}],"line":541},"69":{"loc":{"start":{"line":558,"column":8},"end":{"line":562,"column":9}},"type":"if","locations":[{"start":{"line":558,"column":8},"end":{"line":562,"column":9}},{"start":{"line":560,"column":15},"end":{"line":562,"column":9}}],"line":558}},"s":{"0":3,"1":3,"2":3,"3":3,"4":3,"5":3,"6":3,"7":3,"8":3,"9":3,"10":52,"11":52,"12":52,"13":52,"14":3,"15":3,"16":3,"17":0,"18":3,"19":3,"20":3,"21":3,"22":0,"23":3,"24":3,"25":3,"26":0,"27":3,"28":3,"29":3,"30":0,"31":3,"32":3,"33":3,"34":3,"35":0,"36":0,"37":3,"38":0,"39":0,"40":0,"41":0,"42":0,"43":0,"44":0,"45":0,"46":0,"47":0,"48":0,"49":0,"50":0,"51":0,"52":0,"53":0,"54":0,"55":3,"56":3,"57":3,"58":3,"59":8,"60":8,"61":0,"62":8,"63":2,"64":8,"65":2,"66":8,"67":2,"68":8,"69":9,"70":9,"71":0,"72":9,"73":0,"74":9,"75":2,"76":9,"77":2,"78":9,"79":14,"80":14,"81":0,"82":14,"83":1,"84":14,"85":2,"86":14,"87":3,"88":14,"89":1,"90":14,"91":3,"92":2,"93":2,"94":0,"95":0,"96":2,"97":3,"98":3,"99":3,"100":0,"101":0,"102":3,"103":2,"104":1,"105":3,"106":5,"107":5,"108":5,"109":5,"110":5,"111":3,"112":3,"113":2,"114":2,"115":0,"116":0,"117":2,"118":2,"119":2,"120":3,"121":3,"122":3,"123":3,"124":3,"125":3,"126":3,"127":1,"128":2,"129":2,"130":0,"131":0,"132":2,"133":1,"134":1,"135":1,"136":1,"137":3,"138":2,"139":2,"140":2,"141":2,"142":0,"143":0,"144":2,"145":1,"146":1,"147":1,"148":3,"149":2,"150":2,"151":0,"152":2,"153":3,"154":3,"155":3,"156":0,"157":3,"158":2,"159":1,"160":3,"161":6,"162":6,"163":6,"164":6,"165":6,"166":6,"167":3,"168":3,"169":3,"170":0,"171":0,"172":3,"173":3,"174":3,"175":3,"176":3,"177":3,"178":3,"179":3,"180":3,"181":3,"182":3,"183":0,"184":3,"185":3,"186":0,"187":3,"188":1,"189":2,"190":2,"191":2,"192":3,"193":2,"194":2,"195":2,"196":0,"197":2,"198":1,"199":1,"200":1,"201":3,"202":2,"203":2,"204":0,"205":2,"206":3,"207":3,"208":3,"209":0,"210":3,"211":2,"212":1,"213":3,"214":7,"215":7,"216":7,"217":7,"218":7,"219":4,"220":3,"221":3,"222":0,"223":0,"224":3,"225":3,"226":3,"227":3,"228":7,"229":7,"230":7,"231":7,"232":7,"233":7,"234":1,"235":6,"236":6,"237":0,"238":6,"239":1,"240":5,"241":5,"242":5,"243":3,"244":2,"245":2,"246":2,"247":0,"248":2,"249":1,"250":1,"251":1,"252":3,"253":3,"254":0,"255":0,"256":0,"257":0,"258":0,"259":0,"260":0,"261":0,"262":0,"263":0,"264":3,"265":0,"266":0,"267":0,"268":0,"269":0},"f":{"0":52,"1":3,"2":3,"3":3,"4":3,"5":3,"6":3,"7":3,"8":0,"9":0,"10":0,"11":8,"12":9,"13":14,"14":2,"15":2,"16":3,"17":3,"18":5,"19":2,"20":3,"21":2,"22":2,"23":2,"24":2,"25":2,"26":3,"27":3,"28":6,"29":3,"30":3,"31":3,"32":2,"33":2,"34":2,"35":2,"36":3,"37":3,"38":7,"39":3,"40":7,"41":6,"42":2,"43":2,"44":0,"45":0,"46":0},"b":{"0":[0,3],"1":[0,3],"2":[0,3],"3":[0,3],"4":[0,3],"5":[0,3],"6":[0,8],"7":[8,8,8],"8":[2,6],"9":[8,7],"10":[2,6],"11":[8,7,7,7],"12":[2,6],"13":[8,7],"14":[0,9],"15":[9,9,9],"16":[0,9],"17":[9,9],"18":[2,7],"19":[9,8,8,8],"20":[2,7],"21":[9,8],"22":[0,14],"23":[14,14,14],"24":[1,13],"25":[14,13,13],"26":[2,12],"27":[14,13,13,13],"28":[3,11],"29":[14,13],"30":[1,13],"31":[14,3],"32":[0,2],"33":[0,3],"34":[2,1],"35":[3,2],"36":[0,2],"37":[1,2],"38":[0,2],"39":[1,1],"40":[0,2],"41":[1,1],"42":[0,2],"43":[0,3],"44":[2,1],"45":[4,2],"46":[4,0],"47":[3,3],"48":[0,3],"49":[3,0],"50":[2,1],"51":[0,3],"52":[0,3],"53":[1,2],"54":[0,2],"55":[1,1],"56":[0,2],"57":[0,3],"58":[2,1],"59":[4,3],"60":[3,2],"61":[0,3],"62":[1,6],"63":[6,5],"64":[0,6],"65":[1,5],"66":[0,2],"67":[1,1],"68":[0,3],"69":[0,0]},"_coverageSchema":"1a1c01bbd47fc00a2c39e90264f33305004495a9","hash":"2cee9929369811a8411539301375172b2ea7c66f"}
}
