TN:
SF:server.js
FN:15,(anonymous_0)
FN:25,(anonymous_1)
FN:35,initializeDatabase
FN:45,(anonymous_3)
FN:59,(anonymous_4)
FN:76,(anonymous_5)
FN:86,seedDataIfEmpty
FN:87,(anonymous_7)
FN:104,(anonymous_8)
FN:115,(anonymous_9)
FN:126,(anonymous_10)
FN:142,validateTable
FN:159,validateMenuItem
FN:176,validateOrder
FN:199,(anonymous_14)
FN:200,(anonymous_15)
FN:210,(anonymous_16)
FN:211,(anonymous_17)
FN:224,(anonymous_18)
FN:243,(anonymous_19)
FN:257,(anonymous_20)
FN:276,(anonymous_21)
FN:294,(anonymous_22)
FN:298,(anonymous_23)
FN:316,(anonymous_24)
FN:317,(anonymous_25)
FN:326,(anonymous_26)
FN:327,(anonymous_27)
FN:339,(anonymous_28)
FN:358,(anonymous_29)
FN:372,(anonymous_30)
FN:392,(anonymous_31)
FN:409,(anonymous_32)
FN:412,(anonymous_33)
FN:429,(anonymous_34)
FN:430,(anonymous_35)
FN:439,(anonymous_36)
FN:440,(anonymous_37)
FN:452,(anonymous_38)
FN:470,(anonymous_39)
FN:484,(anonymous_40)
FN:503,(anonymous_41)
FN:520,(anonymous_42)
FN:523,(anonymous_43)
FN:542,(anonymous_44)
FN:556,(anonymous_45)
FN:557,(anonymous_46)
FNF:47
FNH:41
FNDA:52,(anonymous_0)
FNDA:3,(anonymous_1)
FNDA:3,initializeDatabase
FNDA:3,(anonymous_3)
FNDA:3,(anonymous_4)
FNDA:3,(anonymous_5)
FNDA:3,seedDataIfEmpty
FNDA:3,(anonymous_7)
FNDA:0,(anonymous_8)
FNDA:0,(anonymous_9)
FNDA:0,(anonymous_10)
FNDA:8,validateTable
FNDA:9,validateMenuItem
FNDA:14,validateOrder
FNDA:2,(anonymous_14)
FNDA:2,(anonymous_15)
FNDA:3,(anonymous_16)
FNDA:3,(anonymous_17)
FNDA:5,(anonymous_18)
FNDA:2,(anonymous_19)
FNDA:3,(anonymous_20)
FNDA:2,(anonymous_21)
FNDA:2,(anonymous_22)
FNDA:2,(anonymous_23)
FNDA:2,(anonymous_24)
FNDA:2,(anonymous_25)
FNDA:3,(anonymous_26)
FNDA:3,(anonymous_27)
FNDA:6,(anonymous_28)
FNDA:3,(anonymous_29)
FNDA:3,(anonymous_30)
FNDA:3,(anonymous_31)
FNDA:2,(anonymous_32)
FNDA:2,(anonymous_33)
FNDA:2,(anonymous_34)
FNDA:2,(anonymous_35)
FNDA:3,(anonymous_36)
FNDA:3,(anonymous_37)
FNDA:7,(anonymous_38)
FNDA:3,(anonymous_39)
FNDA:7,(anonymous_40)
FNDA:6,(anonymous_41)
FNDA:2,(anonymous_42)
FNDA:2,(anonymous_43)
FNDA:0,(anonymous_44)
FNDA:0,(anonymous_45)
FNDA:0,(anonymous_46)
DA:1,3
DA:2,3
DA:3,3
DA:4,3
DA:6,3
DA:7,3
DA:10,3
DA:11,3
DA:12,3
DA:15,3
DA:16,52
DA:17,52
DA:18,52
DA:19,52
DA:22,3
DA:25,3
DA:26,3
DA:27,0
DA:29,3
DA:30,3
DA:37,3
DA:46,3
DA:47,3
DA:51,3
DA:60,3
DA:61,3
DA:65,3
DA:77,3
DA:78,3
DA:81,3
DA:87,3
DA:88,3
DA:89,0
DA:90,0
DA:93,3
DA:94,0
DA:97,0
DA:103,0
DA:104,0
DA:105,0
DA:108,0
DA:114,0
DA:115,0
DA:116,0
DA:119,0
DA:125,0
DA:126,0
DA:127,0
DA:129,0
DA:137,3
DA:138,3
DA:139,3
DA:140,3
DA:143,8
DA:144,8
DA:145,0
DA:147,8
DA:148,2
DA:150,8
DA:151,2
DA:153,8
DA:154,2
DA:156,8
DA:160,9
DA:161,9
DA:162,0
DA:164,9
DA:165,0
DA:167,9
DA:168,2
DA:170,9
DA:171,2
DA:173,9
DA:177,14
DA:178,14
DA:179,0
DA:181,14
DA:182,1
DA:184,14
DA:185,2
DA:187,14
DA:188,3
DA:190,14
DA:191,1
DA:193,14
DA:199,3
DA:200,2
DA:201,2
DA:202,0
DA:203,0
DA:205,2
DA:210,3
DA:211,3
DA:212,3
DA:213,0
DA:214,0
DA:216,3
DA:217,2
DA:219,1
DA:224,3
DA:225,5
DA:226,5
DA:228,5
DA:231,5
DA:232,5
DA:233,3
DA:234,3
DA:240,2
DA:244,2
DA:245,0
DA:246,0
DA:249,2
DA:250,2
DA:251,2
DA:257,3
DA:258,3
DA:259,3
DA:261,3
DA:262,3
DA:265,3
DA:266,3
DA:267,1
DA:273,2
DA:277,2
DA:278,0
DA:279,0
DA:282,2
DA:283,1
DA:286,1
DA:287,1
DA:288,1
DA:294,3
DA:295,2
DA:296,2
DA:298,2
DA:299,2
DA:300,0
DA:301,0
DA:304,2
DA:305,1
DA:308,1
DA:309,1
DA:316,3
DA:317,2
DA:318,2
DA:319,0
DA:321,2
DA:326,3
DA:327,3
DA:328,3
DA:329,0
DA:331,3
DA:332,2
DA:334,1
DA:339,3
DA:340,6
DA:341,6
DA:343,6
DA:344,6
DA:347,6
DA:348,6
DA:349,3
DA:355,3
DA:359,3
DA:360,0
DA:361,0
DA:364,3
DA:365,3
DA:366,3
DA:372,3
DA:373,3
DA:374,3
DA:376,3
DA:377,3
DA:378,3
DA:381,3
DA:382,3
DA:383,0
DA:389,3
DA:393,3
DA:394,0
DA:397,3
DA:398,1
DA:401,2
DA:402,2
DA:403,2
DA:409,3
DA:410,2
DA:412,2
DA:413,2
DA:414,0
DA:417,2
DA:418,1
DA:421,1
DA:422,1
DA:429,3
DA:430,2
DA:431,2
DA:432,0
DA:434,2
DA:439,3
DA:440,3
DA:441,3
DA:442,0
DA:444,3
DA:445,2
DA:447,1
DA:452,3
DA:453,7
DA:454,7
DA:456,7
DA:459,7
DA:460,7
DA:461,4
DA:467,3
DA:471,3
DA:472,0
DA:473,0
DA:476,3
DA:477,3
DA:478,3
DA:484,3
DA:485,7
DA:486,7
DA:488,7
DA:489,7
DA:492,7
DA:493,7
DA:494,1
DA:500,6
DA:504,6
DA:505,0
DA:508,6
DA:509,1
DA:512,5
DA:513,5
DA:514,5
DA:520,3
DA:521,2
DA:523,2
DA:524,2
DA:525,0
DA:528,2
DA:529,1
DA:532,1
DA:533,1
DA:538,3
DA:541,3
DA:542,0
DA:543,0
DA:544,0
DA:545,0
DA:546,0
DA:547,0
DA:548,0
DA:549,0
DA:550,0
DA:551,0
DA:556,3
DA:557,0
DA:558,0
DA:559,0
DA:561,0
DA:563,0
LF:264
LH:205
BRDA:26,0,0,0
BRDA:26,0,1,3
BRDA:46,1,0,0
BRDA:46,1,1,3
BRDA:60,2,0,0
BRDA:60,2,1,3
BRDA:77,3,0,0
BRDA:77,3,1,3
BRDA:88,4,0,0
BRDA:88,4,1,3
BRDA:93,5,0,0
BRDA:93,5,1,3
BRDA:144,6,0,0
BRDA:144,6,1,8
BRDA:144,7,0,8
BRDA:144,7,1,8
BRDA:144,7,2,8
BRDA:147,8,0,2
BRDA:147,8,1,6
BRDA:147,9,0,8
BRDA:147,9,1,7
BRDA:150,10,0,2
BRDA:150,10,1,6
BRDA:150,11,0,8
BRDA:150,11,1,7
BRDA:150,11,2,7
BRDA:150,11,3,7
BRDA:153,12,0,2
BRDA:153,12,1,6
BRDA:153,13,0,8
BRDA:153,13,1,7
BRDA:161,14,0,0
BRDA:161,14,1,9
BRDA:161,15,0,9
BRDA:161,15,1,9
BRDA:161,15,2,9
BRDA:164,16,0,0
BRDA:164,16,1,9
BRDA:164,17,0,9
BRDA:164,17,1,9
BRDA:167,18,0,2
BRDA:167,18,1,7
BRDA:167,19,0,9
BRDA:167,19,1,8
BRDA:167,19,2,8
BRDA:167,19,3,8
BRDA:170,20,0,2
BRDA:170,20,1,7
BRDA:170,21,0,9
BRDA:170,21,1,8
BRDA:178,22,0,0
BRDA:178,22,1,14
BRDA:178,23,0,14
BRDA:178,23,1,14
BRDA:178,23,2,14
BRDA:181,24,0,1
BRDA:181,24,1,13
BRDA:181,25,0,14
BRDA:181,25,1,13
BRDA:181,25,2,13
BRDA:184,26,0,2
BRDA:184,26,1,12
BRDA:184,27,0,14
BRDA:184,27,1,13
BRDA:184,27,2,13
BRDA:184,27,3,13
BRDA:187,28,0,3
BRDA:187,28,1,11
BRDA:187,29,0,14
BRDA:187,29,1,13
BRDA:190,30,0,1
BRDA:190,30,1,13
BRDA:190,31,0,14
BRDA:190,31,1,3
BRDA:201,32,0,0
BRDA:201,32,1,2
BRDA:212,33,0,0
BRDA:212,33,1,3
BRDA:216,34,0,2
BRDA:216,34,1,1
BRDA:232,35,0,3
BRDA:232,35,1,2
BRDA:244,36,0,0
BRDA:244,36,1,2
BRDA:266,37,0,1
BRDA:266,37,1,2
BRDA:277,38,0,0
BRDA:277,38,1,2
BRDA:282,39,0,1
BRDA:282,39,1,1
BRDA:299,40,0,0
BRDA:299,40,1,2
BRDA:304,41,0,1
BRDA:304,41,1,1
BRDA:318,42,0,0
BRDA:318,42,1,2
BRDA:328,43,0,0
BRDA:328,43,1,3
BRDA:331,44,0,2
BRDA:331,44,1,1
BRDA:344,45,0,4
BRDA:344,45,1,2
BRDA:344,46,0,4
BRDA:344,46,1,0
BRDA:348,47,0,3
BRDA:348,47,1,3
BRDA:359,48,0,0
BRDA:359,48,1,3
BRDA:378,49,0,3
BRDA:378,49,1,0
BRDA:378,50,0,2
BRDA:378,50,1,1
BRDA:382,51,0,0
BRDA:382,51,1,3
BRDA:393,52,0,0
BRDA:393,52,1,3
BRDA:397,53,0,1
BRDA:397,53,1,2
BRDA:413,54,0,0
BRDA:413,54,1,2
BRDA:417,55,0,1
BRDA:417,55,1,1
BRDA:431,56,0,0
BRDA:431,56,1,2
BRDA:441,57,0,0
BRDA:441,57,1,3
BRDA:444,58,0,2
BRDA:444,58,1,1
BRDA:460,59,0,4
BRDA:460,59,1,3
BRDA:469,60,0,3
BRDA:469,60,1,2
BRDA:471,61,0,0
BRDA:471,61,1,3
BRDA:493,62,0,1
BRDA:493,62,1,6
BRDA:502,63,0,6
BRDA:502,63,1,5
BRDA:504,64,0,0
BRDA:504,64,1,6
BRDA:508,65,0,1
BRDA:508,65,1,5
BRDA:524,66,0,0
BRDA:524,66,1,2
BRDA:528,67,0,1
BRDA:528,67,1,1
BRDA:541,68,0,0
BRDA:541,68,1,3
BRDA:558,69,0,0
BRDA:558,69,1,0
BRF:150
BRH:119
end_of_record
